Сборка начата 23.04.2014 14:25:14.
     1>Проект "C:\Users\IT\Dropbox\reinforcement\rl_lib\rl_lib\rl_lib\rl_lib.vcxproj" в узле 2 (целевые объекты build).
     1>InitializeBuildStatus:
         Создание "Debug\rl_lib.unsuccessfulbuild", так как было задано "AlwaysCreate".
       ClCompile:
         c:\Program Files (x86)\Microsoft Visual Studio 10.0\VC\bin\CL.exe /c /ZI /nologo /W3 /WX- /Od /Oy- /D WIN32 /D _DEBUG /D _CONSOLE /D _UNICODE /D UNICODE /Gm /EHsc /RTC1 /MDd /GS /fp:precise /Zc:wchar_t /Zc:forScope /Fo"Debug\\" /Fd"Debug\vc100.pdb" /doc"Debug\\" /Gd /TP /analyze- /errorReport:prompt RLSystem.cpp
         RLSystem.cpp
       ManifestResourceCompile:
         Для всех выходных данных обновления не требуется.
       Link:
         c:\Program Files (x86)\Microsoft Visual Studio 10.0\VC\bin\link.exe /ERRORREPORT:PROMPT /OUT:"C:\Users\IT\Dropbox\reinforcement\rl_lib\rl_lib\Debug\rl_lib.exe" /INCREMENTAL /NOLOGO kernel32.lib user32.lib gdi32.lib winspool.lib comdlg32.lib advapi32.lib shell32.lib ole32.lib oleaut32.lib uuid.lib odbc32.lib odbccp32.lib /MANIFEST /ManifestFile:"Debug\rl_lib.exe.intermediate.manifest" /MANIFESTUAC:"level='asInvoker' uiAccess='false'" /DEBUG /PDB:"C:\Users\IT\Dropbox\reinforcement\rl_lib\rl_lib\Debug\rl_lib.pdb" /SUBSYSTEM:CONSOLE /TLBID:1 /DYNAMICBASE /NXCOMPAT /IMPLIB:"C:\Users\IT\Dropbox\reinforcement\rl_lib\rl_lib\Debug\rl_lib.lib" /MACHINE:X86 Debug\rl_lib.exe.embed.manifest.res
         Debug\rl.obj
         Debug\RLSystem.obj
       Manifest:
         C:\Program Files (x86)\Microsoft SDKs\Windows\v7.0A\bin\mt.exe /nologo /verbose /out:"Debug\rl_lib.exe.embed.manifest" /manifest Debug\rl_lib.exe.intermediate.manifest
         Для всех выходных данных обновления не требуется.
       LinkEmbedManifest:
         Для всех выходных данных обновления не требуется.
         rl_lib.vcxproj -> C:\Users\IT\Dropbox\reinforcement\rl_lib\rl_lib\Debug\rl_lib.exe
       XdcMake:
         c:\Program Files (x86)\Microsoft Visual Studio 10.0\VC\bin\xdcmake.exe /old "rl_lib" /nologo /Fo"C:\Users\IT\Dropbox\reinforcement\rl_lib\rl_lib\Debug\rl_lib.xml" /FsDebug\rl.xdc /FsDebug\RLSystem.xdc
       FinalizeBuildStatus:
         Файл "Debug\rl_lib.unsuccessfulbuild" удаляется.
         Обращение к "Debug\rl_lib.lastbuildstate".
     1>Построение проекта "C:\Users\IT\Dropbox\reinforcement\rl_lib\rl_lib\rl_lib\rl_lib.vcxproj" завершено (целевые объекты build).

Построение успешно завершено.

Затраченное время: 00:00:14.80
