C:\USERS\IT\DROPBOX\REINFORCEMENT\RL_LIB\RL_LIB\DEBUG\RL_LIB.BSC
C:\USERS\IT\DROPBOX\REINFORCEMENT\RL_LIB\RL_LIB\DEBUG\RL_LIB.EXE
C:\USERS\IT\DROPBOX\REINFORCEMENT\RL_LIB\RL_LIB\DEBUG\RL_LIB.ILK
C:\USERS\IT\DROPBOX\REINFORCEMENT\RL_LIB\RL_LIB\DEBUG\RL_LIB.PDB
C:\USERS\IT\DROPBOX\REINFORCEMENT\RL_LIB\RL_LIB\DEBUG\RL_LIB.XML
C:\Users\IT\Dropbox\reinforcement\rl_lib\rl_lib\rl_lib\Debug\BscMake.command.1.tlog
C:\Users\IT\Dropbox\reinforcement\rl_lib\rl_lib\rl_lib\Debug\bscmake.read.1.tlog
C:\Users\IT\Dropbox\reinforcement\rl_lib\rl_lib\rl_lib\Debug\bscmake.write.1.tlog
C:\Users\IT\Dropbox\reinforcement\rl_lib\rl_lib\rl_lib\Debug\cl.command.1.tlog
C:\Users\IT\Dropbox\reinforcement\rl_lib\rl_lib\rl_lib\Debug\CL.read.1.tlog
C:\Users\IT\Dropbox\reinforcement\rl_lib\rl_lib\rl_lib\Debug\CL.write.1.tlog
C:\Users\IT\Dropbox\reinforcement\rl_lib\rl_lib\rl_lib\Debug\link.28944.read.1.tlog
C:\Users\IT\Dropbox\reinforcement\rl_lib\rl_lib\rl_lib\Debug\link.28944.write.1.tlog
C:\Users\IT\Dropbox\reinforcement\rl_lib\rl_lib\rl_lib\Debug\link.28944-cvtres.read.1.tlog
C:\Users\IT\Dropbox\reinforcement\rl_lib\rl_lib\rl_lib\Debug\link.28944-cvtres.write.1.tlog
C:\Users\IT\Dropbox\reinforcement\rl_lib\rl_lib\rl_lib\Debug\link.command.1.tlog
C:\Users\IT\Dropbox\reinforcement\rl_lib\rl_lib\rl_lib\Debug\link.read.1.tlog
C:\Users\IT\Dropbox\reinforcement\rl_lib\rl_lib\rl_lib\Debug\link.write.1.tlog
C:\Users\IT\Dropbox\reinforcement\rl_lib\rl_lib\rl_lib\Debug\link-cvtres.read.1.tlog
C:\Users\IT\Dropbox\reinforcement\rl_lib\rl_lib\rl_lib\Debug\link-cvtres.write.1.tlog
C:\Users\IT\Dropbox\reinforcement\rl_lib\rl_lib\rl_lib\Debug\mt.command.1.tlog
C:\Users\IT\Dropbox\reinforcement\rl_lib\rl_lib\rl_lib\Debug\mt.read.1.tlog
C:\Users\IT\Dropbox\reinforcement\rl_lib\rl_lib\rl_lib\Debug\mt.write.1.tlog
C:\Users\IT\Dropbox\reinforcement\rl_lib\rl_lib\rl_lib\Debug\rc.command.1.tlog
C:\Users\IT\Dropbox\reinforcement\rl_lib\rl_lib\rl_lib\Debug\rc.read.1.tlog
C:\Users\IT\Dropbox\reinforcement\rl_lib\rl_lib\rl_lib\Debug\rc.write.1.tlog
C:\USERS\IT\DROPBOX\REINFORCEMENT\RL_LIB\RL_LIB\RL_LIB\DEBUG\RL.OBJ
C:\USERS\IT\DROPBOX\REINFORCEMENT\RL_LIB\RL_LIB\RL_LIB\DEBUG\RL.SBR
C:\USERS\IT\DROPBOX\REINFORCEMENT\RL_LIB\RL_LIB\RL_LIB\DEBUG\RL.XDC
C:\USERS\IT\DROPBOX\REINFORCEMENT\RL_LIB\RL_LIB\RL_LIB\DEBUG\RL_LIB.EXE.EMBED.MANIFEST
C:\USERS\IT\DROPBOX\REINFORCEMENT\RL_LIB\RL_LIB\RL_LIB\DEBUG\RL_LIB.EXE.EMBED.MANIFEST.RES
C:\USERS\IT\DROPBOX\REINFORCEMENT\RL_LIB\RL_LIB\RL_LIB\DEBUG\RL_LIB.EXE.INTERMEDIATE.MANIFEST
C:\Users\IT\Dropbox\reinforcement\rl_lib\rl_lib\rl_lib\Debug\rl_lib.write.1.tlog
C:\Users\IT\Dropbox\reinforcement\rl_lib\rl_lib\rl_lib\Debug\rl_lib_manifest.rc
C:\Users\IT\Dropbox\reinforcement\rl_lib\rl_lib\rl_lib\Debug\vc100.idb
C:\USERS\IT\DROPBOX\REINFORCEMENT\RL_LIB\RL_LIB\RL_LIB\DEBUG\VC100.PDB
C:\Users\IT\Dropbox\reinforcement\rl_lib\rl_lib\rl_lib\Debug\XDCMake.command.1.tlog
C:\Users\IT\Dropbox\reinforcement\rl_lib\rl_lib\rl_lib\Debug\xdcmake.read.1.tlog
C:\Users\IT\Dropbox\reinforcement\rl_lib\rl_lib\rl_lib\Debug\xdcmake.write.1.tlog
